[2020-07-17T22:52:31]<LPHPMessage> Change detected in F:\Projects\Git\Endev-Web\PHP-Final\EndevWebsite\contact.lphp...
[2020-07-17T22:52:31]<LPHPSuccess> Compiled successfully!
[2020-07-17T22:52:31]<LPHPMessage> Change detected in F:\Projects\Git\Endev-Web\PHP-Final\EndevWebsite\cookies.lphp...
[2020-07-17T22:52:31]<LPHPSuccess> Compiled successfully!
[2020-07-17T22:52:31]<LPHPMessage> Change detected in F:\Projects\Git\Endev-Web\PHP-Final\EndevWebsite\downloads.lphp...
[2020-07-17T22:52:31]<LPHPSuccess> Compiled successfully!
[2020-07-17T22:52:31]<LPHPMessage> Change detected in F:\Projects\Git\Endev-Web\PHP-Final\EndevWebsite\error400.lphp...
[2020-07-17T22:52:31]<LPHPSuccess> Compiled successfully!
[2020-07-17T22:52:31]<LPHPMessage> Change detected in F:\Projects\Git\Endev-Web\PHP-Final\EndevWebsite\error401.lphp...
[2020-07-17T22:52:31]<LPHPSuccess> Compiled successfully!
[2020-07-17T22:52:31]<LPHPMessage> Change detected in F:\Projects\Git\Endev-Web\PHP-Final\EndevWebsite\error403.lphp...
[2020-07-17T22:52:31]<LPHPSuccess> Compiled successfully!
[2020-07-17T22:52:31]<LPHPMessage> Change detected in F:\Projects\Git\Endev-Web\PHP-Final\EndevWebsite\error404.lphp...
[2020-07-17T22:52:31]<LPHPSuccess> Compiled successfully!
[2020-07-17T22:52:31]<LPHPMessage> Change detected in F:\Projects\Git\Endev-Web\PHP-Final\EndevWebsite\error500.lphp...
[2020-07-17T22:52:31]<LPHPSuccess> Compiled successfully!
[2020-07-17T22:52:31]<LPHPMessage> Change detected in F:\Projects\Git\Endev-Web\PHP-Final\EndevWebsite\faq.lphp...
[2020-07-17T22:52:31]<LPHPSuccess> Compiled successfully!
[2020-07-17T22:52:31]<LPHPMessage> Change detected in F:\Projects\Git\Endev-Web\PHP-Final\EndevWebsite\imprint.lphp...
[2020-07-17T22:52:31]<LPHPSuccess> Compiled successfully!
[2020-07-17T22:52:31]<LPHPMessage> Change detected in F:\Projects\Git\Endev-Web\PHP-Final\EndevWebsite\index.lphp...
[2020-07-17T22:52:31]<LPHPSuccess> Compiled successfully!
[2020-07-17T22:52:31]<LPHPMessage> Change detected in F:\Projects\Git\Endev-Web\PHP-Final\EndevWebsite\more.lphp...
[2020-07-17T22:52:31]<LPHPSuccess> Compiled successfully!
[2020-07-17T22:52:31]<LPHPMessage> Change detected in F:\Projects\Git\Endev-Web\PHP-Final\EndevWebsite\project.lphp...
[2020-07-17T22:52:32]<LPHPSuccess> Compiled successfully!
[2020-07-17T22:52:32]<LPHPMessage> Change detected in F:\Projects\Git\Endev-Web\PHP-Final\EndevWebsite\projectDownloads.lphp...
[2020-07-17T22:52:32]<LPHPSuccess> Compiled successfully!
[2020-07-17T22:52:32]<LPHPMessage> Change detected in F:\Projects\Git\Endev-Web\PHP-Final\EndevWebsite\projectHistory.lphp...
[2020-07-17T22:52:32]<LPHPSuccess> Compiled successfully!
[2020-07-17T22:52:32]<LPHPMessage> Change detected in F:\Projects\Git\Endev-Web\PHP-Final\EndevWebsite\projectIssues.lphp...
[2020-07-17T22:52:32]<LPHPSuccess> Compiled successfully!
[2020-07-17T22:52:32]<LPHPMessage> Change detected in F:\Projects\Git\Endev-Web\PHP-Final\EndevWebsite\projectLicense.lphp...
[2020-07-17T22:52:32]<LPHPSuccess> Compiled successfully!
[2020-07-17T22:52:32]<LPHPMessage> Change detected in F:\Projects\Git\Endev-Web\PHP-Final\EndevWebsite\projectOverview.lphp...
[2020-07-17T22:52:32]<LPHPSuccess> Compiled successfully!
[2020-07-17T22:52:32]<LPHPMessage> Change detected in F:\Projects\Git\Endev-Web\PHP-Final\EndevWebsite\projectReadme.lphp...
[2020-07-17T22:52:32]<LPHPSuccess> Compiled successfully!
[2020-07-17T22:52:32]<LPHPMessage> Change detected in F:\Projects\Git\Endev-Web\PHP-Final\EndevWebsite\projects.lphp...
[2020-07-17T22:52:32]<LPHPSuccess> Compiled successfully!
[2020-07-17T22:52:32]<LPHPMessage> Change detected in F:\Projects\Git\Endev-Web\PHP-Final\EndevWebsite\projectSupport.lphp...
[2020-07-17T22:52:32]<LPHPSuccess> Compiled successfully!
[2020-07-17T22:52:32]<LPHPMessage> Change detected in F:\Projects\Git\Endev-Web\PHP-Final\EndevWebsite\projectSupportResult.lphp...
[2020-07-17T22:52:32]<LPHPSuccess> Compiled successfully!
[2020-07-17T22:52:32]<LPHPMessage> Change detected in F:\Projects\Git\Endev-Web\PHP-Final\EndevWebsite\projectTechInfo.lphp...
[2020-07-17T22:52:32]<LPHPSuccess> Compiled successfully!
[2020-07-17T22:52:32]<LPHPMessage> Change detected in F:\Projects\Git\Endev-Web\PHP-Final\EndevWebsite\references.lphp...
[2020-07-17T22:52:32]<LPHPSuccess> Compiled successfully!
[2020-07-17T22:52:32]<LPHPMessage> Change detected in F:\Projects\Git\Endev-Web\PHP-Final\EndevWebsite\support.lphp...
[2020-07-17T22:52:33]<LPHPSuccess> Compiled successfully!
[2020-07-17T22:52:33]<LPHPMessage> Change detected in F:\Projects\Git\Endev-Web\PHP-Final\EndevWebsite\supportFooter.lphp...
[2020-07-17T22:52:33]<LPHPSuccess> Compiled successfully!
[2020-07-17T22:52:33]<LPHPMessage> Change detected in F:\Projects\Git\Endev-Web\PHP-Final\EndevWebsite\supportForm.lphp...
[2020-07-17T22:52:33]<LPHPSuccess> Compiled successfully!
[2020-07-17T22:52:33]<LPHPMessage> Change detected in F:\Projects\Git\Endev-Web\PHP-Final\EndevWebsite\layouts\_Layout.lphp...
[2020-07-17T22:52:33]<LPHPSuccess> Compiled successfully!
[2020-07-17T22:52:33]<LPHPMessage> Change detected in F:\Projects\Git\Endev-Web\PHP-Final\EndevWebsite\layouts\_LayoutAdvancedProject.lphp...
[2020-07-17T22:52:33]<LPHPSuccess> Compiled successfully!
[2020-07-17T22:52:33]<LPHPMessage> Change detected in F:\Projects\Git\Endev-Web\PHP-Final\EndevWebsite\layouts\_LayoutContentPage.lphp...
[2020-07-17T22:52:33]<LPHPSuccess> Compiled successfully!
[2020-07-17T22:52:33]<LPHPMessage> Change detected in F:\Projects\Git\Endev-Web\PHP-Final\EndevWebsite\layouts\_LayoutIFrame.lphp...
[2020-07-17T22:52:33]<LPHPSuccess> Compiled successfully!
[2020-07-17T22:52:33]<LPHPMessage> Change detected in F:\Projects\Git\Endev-Web\PHP-Final\EndevWebsite\layouts\_LayoutSimpleProject.lphp...
[2020-07-17T22:52:33]<LPHPSuccess> Compiled successfully!
[2020-07-17T22:52:33]<LPHPMessage> Change detected in F:\Projects\Git\Endev-Web\PHP-Final\EndevWebsite\layouts\_LayoutStartPage.lphp...
[2020-07-17T22:52:33]<LPHPSuccess> Compiled successfully!
[2020-07-17T22:52:33]<LPHPMessage> Change detected in F:\Projects\Git\Endev-Web\PHP-Final\EndevWebsite\templates\_DefaultHeader.lphp...
[2020-07-17T22:52:33]<LPHPSuccess> Compiled successfully!
[2020-07-17T22:52:33]<LPHPMessage> Change detected in F:\Projects\Git\Endev-Web\PHP-Final\EndevWebsite\templates\_Footer.lphp...
[2020-07-17T22:52:33]<LPHPSuccess> Compiled successfully!
[2020-07-17T22:52:33]<LPHPMessage> Change detected in F:\Projects\Git\Endev-Web\PHP-Final\EndevWebsite\templates\_HeaderIncludes.lphp...
[2020-07-17T22:52:33]<LPHPSuccess> Compiled successfully!
[2020-07-17T22:52:33]<LPHPMessage> Change detected in F:\Projects\Git\Endev-Web\PHP-Final\EndevWebsite\templates\_HeaderLinks.lphp...
[2020-07-17T22:52:33]<LPHPSuccess> Compiled successfully!
[2020-07-17T22:52:33]<LPHPMessage> Change detected in F:\Projects\Git\Endev-Web\PHP-Final\EndevWebsite\templates\_HeaderMeta.lphp...
[2020-07-17T22:52:33]<LPHPSuccess> Compiled successfully!
[2020-07-17T22:52:33]<LPHPMessage> Change detected in F:\Projects\Git\Endev-Web\PHP-Final\EndevWebsite\templates\_HeaderScripts.lphp...
[2020-07-17T22:52:33]<LPHPSuccess> Compiled successfully!
[2020-07-17T22:52:33]<LPHPMessage> Change detected in F:\Projects\Git\Endev-Web\PHP-Final\EndevWebsite\templates\_IFrameHeader.lphp...
[2020-07-17T22:52:33]<LPHPSuccess> Compiled successfully!
[2020-07-17T22:52:33]<LPHPMessage> Change detected in F:\Projects\Git\Endev-Web\PHP-Final\EndevWebsite\templates\_Menu.lphp...
[2020-07-17T22:52:33]<LPHPSuccess> Compiled successfully!
[2020-07-17T22:52:33]<LPHPMessage> Change detected in F:\Projects\Git\Endev-Web\PHP-Final\EndevWebsite\testPages\AdvancedProject.lphp...
[2020-07-17T22:52:33]<LPHPSuccess> Compiled successfully!
[2020-07-17T22:52:33]<LPHPMessage> Change detected in F:\Projects\Git\Endev-Web\PHP-Final\EndevWebsite\testPages\ContentPage.lphp...
[2020-07-17T22:52:34]<LPHPSuccess> Compiled successfully!
[2020-07-17T22:52:34]<LPHPMessage> Change detected in F:\Projects\Git\Endev-Web\PHP-Final\EndevWebsite\testPages\DefaultPage.lphp...
[2020-07-17T22:52:34]<LPHPSuccess> Compiled successfully!
[2020-07-17T22:52:34]<LPHPMessage> Change detected in F:\Projects\Git\Endev-Web\PHP-Final\EndevWebsite\testPages\FormElements.lphp...
[2020-07-17T22:52:34]<LPHPSuccess> Compiled successfully!
[2020-07-17T22:52:34]<LPHPMessage> Change detected in F:\Projects\Git\Endev-Web\PHP-Final\EndevWebsite\testPages\SimpleProject.lphp...
[2020-07-17T22:52:34]<LPHPSuccess> Compiled successfully!
[2020-07-17T22:52:34]<LPHPMessage> Change detected in F:\Projects\Git\Endev-Web\PHP-Final\EndevWebsite\testPages\TextElements.lphp...
[2020-07-17T22:52:34]<LPHPSuccess> Compiled successfully!
[2020-07-17T22:55:08]<LPHPMessage> Change detected in F:\Projects\Git\Endev-Web\PHP-Final\EndevWebsite\templates\_HeaderLinks.lphp...
[2020-07-17T22:55:08]<LPHPSuccess> Compiled successfully!
[2020-07-17T22:55:12]<LPHPMessage> Change detected in F:\Projects\Git\Endev-Web\PHP-Final\EndevWebsite\contact.lphp...
[2020-07-17T22:55:12]<LPHPSuccess> Compiled successfully!
[2020-07-17T22:55:12]<LPHPMessage> Change detected in F:\Projects\Git\Endev-Web\PHP-Final\EndevWebsite\cookies.lphp...
[2020-07-17T22:55:12]<LPHPSuccess> Compiled successfully!
[2020-07-17T22:55:12]<LPHPMessage> Change detected in F:\Projects\Git\Endev-Web\PHP-Final\EndevWebsite\downloads.lphp...
[2020-07-17T22:55:12]<LPHPSuccess> Compiled successfully!
[2020-07-17T22:55:12]<LPHPMessage> Change detected in F:\Projects\Git\Endev-Web\PHP-Final\EndevWebsite\error400.lphp...
[2020-07-17T22:55:12]<LPHPSuccess> Compiled successfully!
[2020-07-17T22:55:12]<LPHPMessage> Change detected in F:\Projects\Git\Endev-Web\PHP-Final\EndevWebsite\error401.lphp...
[2020-07-17T22:55:12]<LPHPSuccess> Compiled successfully!
[2020-07-17T22:55:12]<LPHPMessage> Change detected in F:\Projects\Git\Endev-Web\PHP-Final\EndevWebsite\error403.lphp...
[2020-07-17T22:55:12]<LPHPSuccess> Compiled successfully!
[2020-07-17T22:55:12]<LPHPMessage> Change detected in F:\Projects\Git\Endev-Web\PHP-Final\EndevWebsite\error404.lphp...
[2020-07-17T22:55:12]<LPHPSuccess> Compiled successfully!
[2020-07-17T22:55:12]<LPHPMessage> Change detected in F:\Projects\Git\Endev-Web\PHP-Final\EndevWebsite\error500.lphp...
[2020-07-17T22:55:12]<LPHPSuccess> Compiled successfully!
[2020-07-17T22:55:12]<LPHPMessage> Change detected in F:\Projects\Git\Endev-Web\PHP-Final\EndevWebsite\faq.lphp...
[2020-07-17T22:55:12]<LPHPSuccess> Compiled successfully!
[2020-07-17T22:55:12]<LPHPMessage> Change detected in F:\Projects\Git\Endev-Web\PHP-Final\EndevWebsite\imprint.lphp...
[2020-07-17T22:55:12]<LPHPSuccess> Compiled successfully!
[2020-07-17T22:55:12]<LPHPMessage> Change detected in F:\Projects\Git\Endev-Web\PHP-Final\EndevWebsite\index.lphp...
[2020-07-17T22:55:12]<LPHPSuccess> Compiled successfully!
[2020-07-17T22:55:12]<LPHPMessage> Change detected in F:\Projects\Git\Endev-Web\PHP-Final\EndevWebsite\more.lphp...
[2020-07-17T22:55:12]<LPHPSuccess> Compiled successfully!
[2020-07-17T22:55:12]<LPHPMessage> Change detected in F:\Projects\Git\Endev-Web\PHP-Final\EndevWebsite\project.lphp...
[2020-07-17T22:55:12]<LPHPSuccess> Compiled successfully!
[2020-07-17T22:55:12]<LPHPMessage> Change detected in F:\Projects\Git\Endev-Web\PHP-Final\EndevWebsite\projectDownloads.lphp...
[2020-07-17T22:55:12]<LPHPSuccess> Compiled successfully!
[2020-07-17T22:55:12]<LPHPMessage> Change detected in F:\Projects\Git\Endev-Web\PHP-Final\EndevWebsite\projectHistory.lphp...
[2020-07-17T22:55:12]<LPHPSuccess> Compiled successfully!
[2020-07-17T22:55:12]<LPHPMessage> Change detected in F:\Projects\Git\Endev-Web\PHP-Final\EndevWebsite\projectIssues.lphp...
[2020-07-17T22:55:12]<LPHPSuccess> Compiled successfully!
[2020-07-17T22:55:12]<LPHPMessage> Change detected in F:\Projects\Git\Endev-Web\PHP-Final\EndevWebsite\projectLicense.lphp...
[2020-07-17T22:55:12]<LPHPSuccess> Compiled successfully!
[2020-07-17T22:55:12]<LPHPMessage> Change detected in F:\Projects\Git\Endev-Web\PHP-Final\EndevWebsite\projectOverview.lphp...
[2020-07-17T22:55:12]<LPHPSuccess> Compiled successfully!
[2020-07-17T22:55:12]<LPHPMessage> Change detected in F:\Projects\Git\Endev-Web\PHP-Final\EndevWebsite\projectReadme.lphp...
[2020-07-17T22:55:12]<LPHPSuccess> Compiled successfully!
[2020-07-17T22:55:12]<LPHPMessage> Change detected in F:\Projects\Git\Endev-Web\PHP-Final\EndevWebsite\projects.lphp...
[2020-07-17T22:55:12]<LPHPSuccess> Compiled successfully!
[2020-07-17T22:55:12]<LPHPMessage> Change detected in F:\Projects\Git\Endev-Web\PHP-Final\EndevWebsite\projectSupport.lphp...
[2020-07-17T22:55:12]<LPHPSuccess> Compiled successfully!
[2020-07-17T22:55:12]<LPHPMessage> Change detected in F:\Projects\Git\Endev-Web\PHP-Final\EndevWebsite\projectSupportResult.lphp...
[2020-07-17T22:55:12]<LPHPSuccess> Compiled successfully!
[2020-07-17T22:55:12]<LPHPMessage> Change detected in F:\Projects\Git\Endev-Web\PHP-Final\EndevWebsite\projectTechInfo.lphp...
[2020-07-17T22:55:12]<LPHPSuccess> Compiled successfully!
[2020-07-17T22:55:12]<LPHPMessage> Change detected in F:\Projects\Git\Endev-Web\PHP-Final\EndevWebsite\references.lphp...
[2020-07-17T22:55:12]<LPHPSuccess> Compiled successfully!
[2020-07-17T22:55:12]<LPHPMessage> Change detected in F:\Projects\Git\Endev-Web\PHP-Final\EndevWebsite\support.lphp...
[2020-07-17T22:55:12]<LPHPSuccess> Compiled successfully!
[2020-07-17T22:55:12]<LPHPMessage> Change detected in F:\Projects\Git\Endev-Web\PHP-Final\EndevWebsite\supportFooter.lphp...
[2020-07-17T22:55:12]<LPHPSuccess> Compiled successfully!
[2020-07-17T22:55:12]<LPHPMessage> Change detected in F:\Projects\Git\Endev-Web\PHP-Final\EndevWebsite\supportForm.lphp...
[2020-07-17T22:55:12]<LPHPSuccess> Compiled successfully!
[2020-07-17T22:55:12]<LPHPMessage> Change detected in F:\Projects\Git\Endev-Web\PHP-Final\EndevWebsite\layouts\_Layout.lphp...
[2020-07-17T22:55:12]<LPHPSuccess> Compiled successfully!
[2020-07-17T22:55:12]<LPHPMessage> Change detected in F:\Projects\Git\Endev-Web\PHP-Final\EndevWebsite\layouts\_LayoutAdvancedProject.lphp...
[2020-07-17T22:55:12]<LPHPSuccess> Compiled successfully!
[2020-07-17T22:55:12]<LPHPMessage> Change detected in F:\Projects\Git\Endev-Web\PHP-Final\EndevWebsite\layouts\_LayoutContentPage.lphp...
[2020-07-17T22:55:12]<LPHPSuccess> Compiled successfully!
[2020-07-17T22:55:12]<LPHPMessage> Change detected in F:\Projects\Git\Endev-Web\PHP-Final\EndevWebsite\layouts\_LayoutIFrame.lphp...
[2020-07-17T22:55:13]<LPHPSuccess> Compiled successfully!
[2020-07-17T22:55:13]<LPHPMessage> Change detected in F:\Projects\Git\Endev-Web\PHP-Final\EndevWebsite\layouts\_LayoutSimpleProject.lphp...
[2020-07-17T22:55:13]<LPHPSuccess> Compiled successfully!
[2020-07-17T22:55:13]<LPHPMessage> Change detected in F:\Projects\Git\Endev-Web\PHP-Final\EndevWebsite\layouts\_LayoutStartPage.lphp...
[2020-07-17T22:55:13]<LPHPSuccess> Compiled successfully!
[2020-07-17T22:55:13]<LPHPMessage> Change detected in F:\Projects\Git\Endev-Web\PHP-Final\EndevWebsite\templates\_DefaultHeader.lphp...
[2020-07-17T22:55:13]<LPHPSuccess> Compiled successfully!
[2020-07-17T22:55:13]<LPHPMessage> Change detected in F:\Projects\Git\Endev-Web\PHP-Final\EndevWebsite\templates\_Footer.lphp...
[2020-07-17T22:55:13]<LPHPSuccess> Compiled successfully!
[2020-07-17T22:55:13]<LPHPMessage> Change detected in F:\Projects\Git\Endev-Web\PHP-Final\EndevWebsite\templates\_HeaderIncludes.lphp...
[2020-07-17T22:55:13]<LPHPSuccess> Compiled successfully!
[2020-07-17T22:55:13]<LPHPMessage> Change detected in F:\Projects\Git\Endev-Web\PHP-Final\EndevWebsite\templates\_HeaderLinks.lphp...
[2020-07-17T22:55:13]<LPHPSuccess> Compiled successfully!
[2020-07-17T22:55:13]<LPHPMessage> Change detected in F:\Projects\Git\Endev-Web\PHP-Final\EndevWebsite\templates\_HeaderMeta.lphp...
[2020-07-17T22:55:13]<LPHPSuccess> Compiled successfully!
[2020-07-17T22:55:13]<LPHPMessage> Change detected in F:\Projects\Git\Endev-Web\PHP-Final\EndevWebsite\templates\_HeaderScripts.lphp...
[2020-07-17T22:55:13]<LPHPSuccess> Compiled successfully!
[2020-07-17T22:55:13]<LPHPMessage> Change detected in F:\Projects\Git\Endev-Web\PHP-Final\EndevWebsite\templates\_IFrameHeader.lphp...
[2020-07-17T22:55:13]<LPHPSuccess> Compiled successfully!
[2020-07-17T22:55:13]<LPHPMessage> Change detected in F:\Projects\Git\Endev-Web\PHP-Final\EndevWebsite\templates\_Menu.lphp...
[2020-07-17T22:55:13]<LPHPSuccess> Compiled successfully!
[2020-07-17T22:55:13]<LPHPMessage> Change detected in F:\Projects\Git\Endev-Web\PHP-Final\EndevWebsite\testPages\AdvancedProject.lphp...
[2020-07-17T22:55:13]<LPHPSuccess> Compiled successfully!
[2020-07-17T22:55:13]<LPHPMessage> Change detected in F:\Projects\Git\Endev-Web\PHP-Final\EndevWebsite\testPages\ContentPage.lphp...
[2020-07-17T22:55:13]<LPHPSuccess> Compiled successfully!
[2020-07-17T22:55:13]<LPHPMessage> Change detected in F:\Projects\Git\Endev-Web\PHP-Final\EndevWebsite\testPages\DefaultPage.lphp...
[2020-07-17T22:55:13]<LPHPSuccess> Compiled successfully!
[2020-07-17T22:55:13]<LPHPMessage> Change detected in F:\Projects\Git\Endev-Web\PHP-Final\EndevWebsite\testPages\FormElements.lphp...
[2020-07-17T22:55:13]<LPHPSuccess> Compiled successfully!
[2020-07-17T22:55:13]<LPHPMessage> Change detected in F:\Projects\Git\Endev-Web\PHP-Final\EndevWebsite\testPages\SimpleProject.lphp...
[2020-07-17T22:55:13]<LPHPSuccess> Compiled successfully!
[2020-07-17T22:55:13]<LPHPMessage> Change detected in F:\Projects\Git\Endev-Web\PHP-Final\EndevWebsite\testPages\TextElements.lphp...
[2020-07-17T22:55:13]<LPHPSuccess> Compiled successfully!
[2020-07-17T23:00:47]<LPHPMessage> Change detected in F:\Projects\Git\Endev-Web\PHP-Final\EndevWebsite\templates\_HeaderLinks.lphp...
[2020-07-17T23:00:47]<LPHPSuccess> Compiled successfully!
[2020-07-17T23:00:51]<LPHPMessage> Change detected in F:\Projects\Git\Endev-Web\PHP-Final\EndevWebsite\contact.lphp...
[2020-07-17T23:00:51]<LPHPSuccess> Compiled successfully!
[2020-07-17T23:00:51]<LPHPMessage> Change detected in F:\Projects\Git\Endev-Web\PHP-Final\EndevWebsite\cookies.lphp...
[2020-07-17T23:00:51]<LPHPSuccess> Compiled successfully!
[2020-07-17T23:00:51]<LPHPMessage> Change detected in F:\Projects\Git\Endev-Web\PHP-Final\EndevWebsite\downloads.lphp...
[2020-07-17T23:00:51]<LPHPSuccess> Compiled successfully!
[2020-07-17T23:00:51]<LPHPMessage> Change detected in F:\Projects\Git\Endev-Web\PHP-Final\EndevWebsite\error400.lphp...
[2020-07-17T23:00:51]<LPHPSuccess> Compiled successfully!
[2020-07-17T23:00:51]<LPHPMessage> Change detected in F:\Projects\Git\Endev-Web\PHP-Final\EndevWebsite\error401.lphp...
[2020-07-17T23:00:51]<LPHPSuccess> Compiled successfully!
[2020-07-17T23:00:51]<LPHPMessage> Change detected in F:\Projects\Git\Endev-Web\PHP-Final\EndevWebsite\error403.lphp...
[2020-07-17T23:00:51]<LPHPSuccess> Compiled successfully!
[2020-07-17T23:00:51]<LPHPMessage> Change detected in F:\Projects\Git\Endev-Web\PHP-Final\EndevWebsite\error404.lphp...
[2020-07-17T23:00:51]<LPHPSuccess> Compiled successfully!
[2020-07-17T23:00:51]<LPHPMessage> Change detected in F:\Projects\Git\Endev-Web\PHP-Final\EndevWebsite\error500.lphp...
[2020-07-17T23:00:51]<LPHPSuccess> Compiled successfully!
[2020-07-17T23:00:51]<LPHPMessage> Change detected in F:\Projects\Git\Endev-Web\PHP-Final\EndevWebsite\faq.lphp...
[2020-07-17T23:00:51]<LPHPSuccess> Compiled successfully!
[2020-07-17T23:00:51]<LPHPMessage> Change detected in F:\Projects\Git\Endev-Web\PHP-Final\EndevWebsite\imprint.lphp...
[2020-07-17T23:00:51]<LPHPSuccess> Compiled successfully!
[2020-07-17T23:00:51]<LPHPMessage> Change detected in F:\Projects\Git\Endev-Web\PHP-Final\EndevWebsite\index.lphp...
[2020-07-17T23:00:51]<LPHPSuccess> Compiled successfully!
[2020-07-17T23:00:51]<LPHPMessage> Change detected in F:\Projects\Git\Endev-Web\PHP-Final\EndevWebsite\more.lphp...
[2020-07-17T23:00:51]<LPHPSuccess> Compiled successfully!
[2020-07-17T23:00:51]<LPHPMessage> Change detected in F:\Projects\Git\Endev-Web\PHP-Final\EndevWebsite\project.lphp...
[2020-07-17T23:00:51]<LPHPSuccess> Compiled successfully!
[2020-07-17T23:00:51]<LPHPMessage> Change detected in F:\Projects\Git\Endev-Web\PHP-Final\EndevWebsite\projectDownloads.lphp...
[2020-07-17T23:00:52]<LPHPSuccess> Compiled successfully!
[2020-07-17T23:00:52]<LPHPMessage> Change detected in F:\Projects\Git\Endev-Web\PHP-Final\EndevWebsite\projectHistory.lphp...
[2020-07-17T23:00:52]<LPHPSuccess> Compiled successfully!
[2020-07-17T23:00:52]<LPHPMessage> Change detected in F:\Projects\Git\Endev-Web\PHP-Final\EndevWebsite\projectIssues.lphp...
[2020-07-17T23:00:52]<LPHPSuccess> Compiled successfully!
[2020-07-17T23:00:52]<LPHPMessage> Change detected in F:\Projects\Git\Endev-Web\PHP-Final\EndevWebsite\projectLicense.lphp...
[2020-07-17T23:00:52]<LPHPSuccess> Compiled successfully!
[2020-07-17T23:00:52]<LPHPMessage> Change detected in F:\Projects\Git\Endev-Web\PHP-Final\EndevWebsite\projectOverview.lphp...
[2020-07-17T23:00:52]<LPHPSuccess> Compiled successfully!
[2020-07-17T23:00:52]<LPHPMessage> Change detected in F:\Projects\Git\Endev-Web\PHP-Final\EndevWebsite\projectReadme.lphp...
[2020-07-17T23:00:52]<LPHPSuccess> Compiled successfully!
[2020-07-17T23:00:52]<LPHPMessage> Change detected in F:\Projects\Git\Endev-Web\PHP-Final\EndevWebsite\projects.lphp...
[2020-07-17T23:00:52]<LPHPSuccess> Compiled successfully!
[2020-07-17T23:00:52]<LPHPMessage> Change detected in F:\Projects\Git\Endev-Web\PHP-Final\EndevWebsite\projectSupport.lphp...
[2020-07-17T23:00:52]<LPHPSuccess> Compiled successfully!
[2020-07-17T23:00:52]<LPHPMessage> Change detected in F:\Projects\Git\Endev-Web\PHP-Final\EndevWebsite\projectSupportResult.lphp...
[2020-07-17T23:00:52]<LPHPSuccess> Compiled successfully!
[2020-07-17T23:00:52]<LPHPMessage> Change detected in F:\Projects\Git\Endev-Web\PHP-Final\EndevWebsite\projectTechInfo.lphp...
[2020-07-17T23:00:52]<LPHPSuccess> Compiled successfully!
[2020-07-17T23:00:52]<LPHPMessage> Change detected in F:\Projects\Git\Endev-Web\PHP-Final\EndevWebsite\references.lphp...
[2020-07-17T23:00:52]<LPHPSuccess> Compiled successfully!
[2020-07-17T23:00:52]<LPHPMessage> Change detected in F:\Projects\Git\Endev-Web\PHP-Final\EndevWebsite\support.lphp...
[2020-07-17T23:00:52]<LPHPSuccess> Compiled successfully!
[2020-07-17T23:00:52]<LPHPMessage> Change detected in F:\Projects\Git\Endev-Web\PHP-Final\EndevWebsite\supportFooter.lphp...
[2020-07-17T23:00:52]<LPHPSuccess> Compiled successfully!
[2020-07-17T23:00:52]<LPHPMessage> Change detected in F:\Projects\Git\Endev-Web\PHP-Final\EndevWebsite\supportForm.lphp...
[2020-07-17T23:00:52]<LPHPSuccess> Compiled successfully!
[2020-07-17T23:00:52]<LPHPMessage> Change detected in F:\Projects\Git\Endev-Web\PHP-Final\EndevWebsite\layouts\_Layout.lphp...
[2020-07-17T23:00:52]<LPHPSuccess> Compiled successfully!
[2020-07-17T23:00:52]<LPHPMessage> Change detected in F:\Projects\Git\Endev-Web\PHP-Final\EndevWebsite\layouts\_LayoutAdvancedProject.lphp...
[2020-07-17T23:00:52]<LPHPSuccess> Compiled successfully!
[2020-07-17T23:00:52]<LPHPMessage> Change detected in F:\Projects\Git\Endev-Web\PHP-Final\EndevWebsite\layouts\_LayoutContentPage.lphp...
[2020-07-17T23:00:52]<LPHPSuccess> Compiled successfully!
[2020-07-17T23:00:52]<LPHPMessage> Change detected in F:\Projects\Git\Endev-Web\PHP-Final\EndevWebsite\layouts\_LayoutIFrame.lphp...
[2020-07-17T23:00:52]<LPHPSuccess> Compiled successfully!
[2020-07-17T23:00:52]<LPHPMessage> Change detected in F:\Projects\Git\Endev-Web\PHP-Final\EndevWebsite\layouts\_LayoutSimpleProject.lphp...
[2020-07-17T23:00:52]<LPHPSuccess> Compiled successfully!
[2020-07-17T23:00:52]<LPHPMessage> Change detected in F:\Projects\Git\Endev-Web\PHP-Final\EndevWebsite\layouts\_LayoutStartPage.lphp...
[2020-07-17T23:00:52]<LPHPSuccess> Compiled successfully!
[2020-07-17T23:00:52]<LPHPMessage> Change detected in F:\Projects\Git\Endev-Web\PHP-Final\EndevWebsite\templates\_DefaultHeader.lphp...
[2020-07-17T23:00:52]<LPHPSuccess> Compiled successfully!
[2020-07-17T23:00:52]<LPHPMessage> Change detected in F:\Projects\Git\Endev-Web\PHP-Final\EndevWebsite\templates\_Footer.lphp...
[2020-07-17T23:00:52]<LPHPSuccess> Compiled successfully!
[2020-07-17T23:00:52]<LPHPMessage> Change detected in F:\Projects\Git\Endev-Web\PHP-Final\EndevWebsite\templates\_HeaderIncludes.lphp...
[2020-07-17T23:00:52]<LPHPSuccess> Compiled successfully!
[2020-07-17T23:00:52]<LPHPMessage> Change detected in F:\Projects\Git\Endev-Web\PHP-Final\EndevWebsite\templates\_HeaderLinks.lphp...
[2020-07-17T23:00:52]<LPHPSuccess> Compiled successfully!
[2020-07-17T23:00:52]<LPHPMessage> Change detected in F:\Projects\Git\Endev-Web\PHP-Final\EndevWebsite\templates\_HeaderMeta.lphp...
[2020-07-17T23:00:52]<LPHPSuccess> Compiled successfully!
[2020-07-17T23:00:52]<LPHPMessage> Change detected in F:\Projects\Git\Endev-Web\PHP-Final\EndevWebsite\templates\_HeaderScripts.lphp...
[2020-07-17T23:00:52]<LPHPSuccess> Compiled successfully!
[2020-07-17T23:00:52]<LPHPMessage> Change detected in F:\Projects\Git\Endev-Web\PHP-Final\EndevWebsite\templates\_IFrameHeader.lphp...
[2020-07-17T23:00:53]<LPHPSuccess> Compiled successfully!
[2020-07-17T23:00:53]<LPHPMessage> Change detected in F:\Projects\Git\Endev-Web\PHP-Final\EndevWebsite\templates\_Menu.lphp...
[2020-07-17T23:00:53]<LPHPSuccess> Compiled successfully!
[2020-07-17T23:00:53]<LPHPMessage> Change detected in F:\Projects\Git\Endev-Web\PHP-Final\EndevWebsite\testPages\AdvancedProject.lphp...
[2020-07-17T23:00:53]<LPHPSuccess> Compiled successfully!
[2020-07-17T23:00:53]<LPHPMessage> Change detected in F:\Projects\Git\Endev-Web\PHP-Final\EndevWebsite\testPages\ContentPage.lphp...
[2020-07-17T23:00:53]<LPHPSuccess> Compiled successfully!
[2020-07-17T23:00:53]<LPHPMessage> Change detected in F:\Projects\Git\Endev-Web\PHP-Final\EndevWebsite\testPages\DefaultPage.lphp...
[2020-07-17T23:00:53]<LPHPSuccess> Compiled successfully!
[2020-07-17T23:00:53]<LPHPMessage> Change detected in F:\Projects\Git\Endev-Web\PHP-Final\EndevWebsite\testPages\FormElements.lphp...
[2020-07-17T23:00:53]<LPHPSuccess> Compiled successfully!
[2020-07-17T23:00:53]<LPHPMessage> Change detected in F:\Projects\Git\Endev-Web\PHP-Final\EndevWebsite\testPages\SimpleProject.lphp...
[2020-07-17T23:00:53]<LPHPSuccess> Compiled successfully!
[2020-07-17T23:00:53]<LPHPMessage> Change detected in F:\Projects\Git\Endev-Web\PHP-Final\EndevWebsite\testPages\TextElements.lphp...
[2020-07-17T23:00:53]<LPHPSuccess> Compiled successfully!
