[2020-09-09T10:31:26]<LPHPMessage> Change detected in F:\Desktop\EndevTemp\PHP-Final\EndevWebsite\contact.lphp...
[2020-09-09T10:31:26]<LPHPSuccess> Compiled successfully!
[2020-09-09T10:31:26]<LPHPMessage> Change detected in F:\Desktop\EndevTemp\PHP-Final\EndevWebsite\cookies.lphp...
[2020-09-09T10:31:26]<LPHPSuccess> Compiled successfully!
[2020-09-09T10:31:26]<LPHPMessage> Change detected in F:\Desktop\EndevTemp\PHP-Final\EndevWebsite\downloads.lphp...
[2020-09-09T10:31:26]<LPHPSuccess> Compiled successfully!
[2020-09-09T10:31:26]<LPHPMessage> Change detected in F:\Desktop\EndevTemp\PHP-Final\EndevWebsite\error400.lphp...
[2020-09-09T10:31:26]<LPHPSuccess> Compiled successfully!
[2020-09-09T10:31:26]<LPHPMessage> Change detected in F:\Desktop\EndevTemp\PHP-Final\EndevWebsite\error401.lphp...
[2020-09-09T10:31:26]<LPHPSuccess> Compiled successfully!
[2020-09-09T10:31:26]<LPHPMessage> Change detected in F:\Desktop\EndevTemp\PHP-Final\EndevWebsite\error403.lphp...
[2020-09-09T10:31:26]<LPHPSuccess> Compiled successfully!
[2020-09-09T10:31:26]<LPHPMessage> Change detected in F:\Desktop\EndevTemp\PHP-Final\EndevWebsite\error404.lphp...
[2020-09-09T10:31:26]<LPHPSuccess> Compiled successfully!
[2020-09-09T10:31:26]<LPHPMessage> Change detected in F:\Desktop\EndevTemp\PHP-Final\EndevWebsite\error500.lphp...
[2020-09-09T10:31:26]<LPHPSuccess> Compiled successfully!
[2020-09-09T10:31:26]<LPHPMessage> Change detected in F:\Desktop\EndevTemp\PHP-Final\EndevWebsite\faq.lphp...
[2020-09-09T10:31:26]<LPHPSuccess> Compiled successfully!
[2020-09-09T10:31:26]<LPHPMessage> Change detected in F:\Desktop\EndevTemp\PHP-Final\EndevWebsite\imprint.lphp...
[2020-09-09T10:31:26]<LPHPSuccess> Compiled successfully!
[2020-09-09T10:31:26]<LPHPMessage> Change detected in F:\Desktop\EndevTemp\PHP-Final\EndevWebsite\index.lphp...
[2020-09-09T10:31:26]<LPHPSuccess> Compiled successfully!
[2020-09-09T10:31:26]<LPHPMessage> Change detected in F:\Desktop\EndevTemp\PHP-Final\EndevWebsite\more.lphp...
[2020-09-09T10:31:26]<LPHPSuccess> Compiled successfully!
[2020-09-09T10:31:26]<LPHPMessage> Change detected in F:\Desktop\EndevTemp\PHP-Final\EndevWebsite\project.lphp...
[2020-09-09T10:31:26]<LPHPSuccess> Compiled successfully!
[2020-09-09T10:31:26]<LPHPMessage> Change detected in F:\Desktop\EndevTemp\PHP-Final\EndevWebsite\projectDownloads.lphp...
[2020-09-09T10:31:26]<LPHPSuccess> Compiled successfully!
[2020-09-09T10:31:26]<LPHPMessage> Change detected in F:\Desktop\EndevTemp\PHP-Final\EndevWebsite\projectHistory.lphp...
[2020-09-09T10:31:26]<LPHPSuccess> Compiled successfully!
[2020-09-09T10:31:26]<LPHPMessage> Change detected in F:\Desktop\EndevTemp\PHP-Final\EndevWebsite\projectIssues.lphp...
[2020-09-09T10:31:27]<LPHPSuccess> Compiled successfully!
[2020-09-09T10:31:27]<LPHPMessage> Change detected in F:\Desktop\EndevTemp\PHP-Final\EndevWebsite\projectLicense.lphp...
[2020-09-09T10:31:27]<LPHPSuccess> Compiled successfully!
[2020-09-09T10:31:27]<LPHPMessage> Change detected in F:\Desktop\EndevTemp\PHP-Final\EndevWebsite\projectOverview.lphp...
[2020-09-09T10:31:27]<LPHPSuccess> Compiled successfully!
[2020-09-09T10:31:27]<LPHPMessage> Change detected in F:\Desktop\EndevTemp\PHP-Final\EndevWebsite\projectReadme.lphp...
[2020-09-09T10:31:27]<LPHPSuccess> Compiled successfully!
[2020-09-09T10:31:27]<LPHPMessage> Change detected in F:\Desktop\EndevTemp\PHP-Final\EndevWebsite\projects.lphp...
[2020-09-09T10:31:27]<LPHPSuccess> Compiled successfully!
[2020-09-09T10:31:27]<LPHPMessage> Change detected in F:\Desktop\EndevTemp\PHP-Final\EndevWebsite\projectSupport.lphp...
[2020-09-09T10:31:27]<LPHPSuccess> Compiled successfully!
[2020-09-09T10:31:27]<LPHPMessage> Change detected in F:\Desktop\EndevTemp\PHP-Final\EndevWebsite\projectSupportResult.lphp...
[2020-09-09T10:31:27]<LPHPSuccess> Compiled successfully!
[2020-09-09T10:31:27]<LPHPMessage> Change detected in F:\Desktop\EndevTemp\PHP-Final\EndevWebsite\projectTechInfo.lphp...
[2020-09-09T10:31:27]<LPHPSuccess> Compiled successfully!
[2020-09-09T10:31:27]<LPHPMessage> Change detected in F:\Desktop\EndevTemp\PHP-Final\EndevWebsite\references.lphp...
[2020-09-09T10:31:27]<LPHPSuccess> Compiled successfully!
[2020-09-09T10:31:27]<LPHPMessage> Change detected in F:\Desktop\EndevTemp\PHP-Final\EndevWebsite\support.lphp...
[2020-09-09T10:31:27]<LPHPSuccess> Compiled successfully!
[2020-09-09T10:31:27]<LPHPMessage> Change detected in F:\Desktop\EndevTemp\PHP-Final\EndevWebsite\supportFooter.lphp...
[2020-09-09T10:31:27]<LPHPSuccess> Compiled successfully!
[2020-09-09T10:31:27]<LPHPMessage> Change detected in F:\Desktop\EndevTemp\PHP-Final\EndevWebsite\supportForm.lphp...
[2020-09-09T10:31:27]<LPHPSuccess> Compiled successfully!
[2020-09-09T10:31:27]<LPHPMessage> Change detected in F:\Desktop\EndevTemp\PHP-Final\EndevWebsite\layouts\_Layout.lphp...
[2020-09-09T10:31:27]<LPHPSuccess> Compiled successfully!
[2020-09-09T10:31:27]<LPHPMessage> Change detected in F:\Desktop\EndevTemp\PHP-Final\EndevWebsite\layouts\_LayoutAdvancedProject.lphp...
[2020-09-09T10:31:27]<LPHPSuccess> Compiled successfully!
[2020-09-09T10:31:27]<LPHPMessage> Change detected in F:\Desktop\EndevTemp\PHP-Final\EndevWebsite\layouts\_LayoutContentPage.lphp...
[2020-09-09T10:31:27]<LPHPSuccess> Compiled successfully!
[2020-09-09T10:31:27]<LPHPMessage> Change detected in F:\Desktop\EndevTemp\PHP-Final\EndevWebsite\layouts\_LayoutIFrame.lphp...
[2020-09-09T10:31:27]<LPHPSuccess> Compiled successfully!
[2020-09-09T10:31:27]<LPHPMessage> Change detected in F:\Desktop\EndevTemp\PHP-Final\EndevWebsite\layouts\_LayoutSimpleProject.lphp...
[2020-09-09T10:31:28]<LPHPSuccess> Compiled successfully!
[2020-09-09T10:31:28]<LPHPMessage> Change detected in F:\Desktop\EndevTemp\PHP-Final\EndevWebsite\layouts\_LayoutStartPage.lphp...
[2020-09-09T10:31:28]<LPHPSuccess> Compiled successfully!
[2020-09-09T10:31:28]<LPHPMessage> Change detected in F:\Desktop\EndevTemp\PHP-Final\EndevWebsite\templates\_DefaultHeader.lphp...
[2020-09-09T10:31:28]<LPHPSuccess> Compiled successfully!
[2020-09-09T10:31:28]<LPHPMessage> Change detected in F:\Desktop\EndevTemp\PHP-Final\EndevWebsite\templates\_Footer.lphp...
[2020-09-09T10:31:28]<LPHPSuccess> Compiled successfully!
[2020-09-09T10:31:28]<LPHPMessage> Change detected in F:\Desktop\EndevTemp\PHP-Final\EndevWebsite\templates\_HeaderIncludes.lphp...
[2020-09-09T10:31:28]<LPHPSuccess> Compiled successfully!
[2020-09-09T10:31:28]<LPHPMessage> Change detected in F:\Desktop\EndevTemp\PHP-Final\EndevWebsite\templates\_HeaderLinks.lphp...
[2020-09-09T10:31:28]<LPHPSuccess> Compiled successfully!
[2020-09-09T10:31:28]<LPHPMessage> Change detected in F:\Desktop\EndevTemp\PHP-Final\EndevWebsite\templates\_HeaderMeta.lphp...
[2020-09-09T10:31:28]<LPHPSuccess> Compiled successfully!
[2020-09-09T10:31:28]<LPHPMessage> Change detected in F:\Desktop\EndevTemp\PHP-Final\EndevWebsite\templates\_HeaderScripts.lphp...
[2020-09-09T10:31:28]<LPHPSuccess> Compiled successfully!
[2020-09-09T10:31:28]<LPHPMessage> Change detected in F:\Desktop\EndevTemp\PHP-Final\EndevWebsite\templates\_IFrameHeader.lphp...
[2020-09-09T10:31:28]<LPHPSuccess> Compiled successfully!
[2020-09-09T10:31:28]<LPHPMessage> Change detected in F:\Desktop\EndevTemp\PHP-Final\EndevWebsite\templates\_Menu.lphp...
[2020-09-09T10:31:28]<LPHPSuccess> Compiled successfully!
[2020-09-09T10:31:28]<LPHPMessage> Change detected in F:\Desktop\EndevTemp\PHP-Final\EndevWebsite\testPages\AdvancedProject.lphp...
[2020-09-09T10:31:28]<LPHPSuccess> Compiled successfully!
[2020-09-09T10:31:28]<LPHPMessage> Change detected in F:\Desktop\EndevTemp\PHP-Final\EndevWebsite\testPages\ContentPage.lphp...
[2020-09-09T10:31:28]<LPHPSuccess> Compiled successfully!
[2020-09-09T10:31:28]<LPHPMessage> Change detected in F:\Desktop\EndevTemp\PHP-Final\EndevWebsite\testPages\DefaultPage.lphp...
[2020-09-09T10:31:28]<LPHPSuccess> Compiled successfully!
[2020-09-09T10:31:28]<LPHPMessage> Change detected in F:\Desktop\EndevTemp\PHP-Final\EndevWebsite\testPages\FormElements.lphp...
[2020-09-09T10:31:28]<LPHPSuccess> Compiled successfully!
[2020-09-09T10:31:28]<LPHPMessage> Change detected in F:\Desktop\EndevTemp\PHP-Final\EndevWebsite\testPages\SimpleProject.lphp...
[2020-09-09T10:31:28]<LPHPSuccess> Compiled successfully!
[2020-09-09T10:31:28]<LPHPMessage> Change detected in F:\Desktop\EndevTemp\PHP-Final\EndevWebsite\testPages\TextElements.lphp...
[2020-09-09T10:31:29]<LPHPSuccess> Compiled successfully!
[2020-09-09T14:19:37]<LPHPWarning> Can't keep up! Compilation-Cycle skipped.
[2020-09-09T14:19:37]<LPHPMessage> Change detected in F:\Desktop\EndevTemp\PHP-Final\EndevWebsite\projectOverview.lphp...
[2020-09-09T14:19:37]<LPHPSuccess> Compiled successfully!
[2020-09-09T14:20:08]<LPHPMessage> Change detected in F:\Desktop\EndevTemp\PHP-Final\EndevWebsite\projectOverview.lphp...
[2020-09-09T14:20:08]<LPHPSuccess> Compiled successfully!
[2020-09-09T14:20:28]<LPHPMessage> Change detected in F:\Desktop\EndevTemp\PHP-Final\EndevWebsite\projectOverview.lphp...
[2020-09-09T14:20:28]<LPHPSuccess> Compiled successfully!
[2020-09-09T14:20:36]<LPHPMessage> Change detected in F:\Desktop\EndevTemp\PHP-Final\EndevWebsite\projectOverview.lphp...
[2020-09-09T14:20:37]<LPHPSuccess> Compiled successfully!
[2020-09-09T14:20:59]<LPHPMessage> Change detected in F:\Desktop\EndevTemp\PHP-Final\EndevWebsite\projectOverview.lphp...
[2020-09-09T14:21:00]<LPHPSuccess> Compiled successfully!
[2020-09-09T14:21:34]<LPHPMessage> Change detected in F:\Desktop\EndevTemp\PHP-Final\EndevWebsite\projectOverview.lphp...
[2020-09-09T14:21:34]<LPHPSuccess> Compiled successfully!
[2020-09-09T14:22:01]<LPHPMessage> Change detected in F:\Desktop\EndevTemp\PHP-Final\EndevWebsite\projectOverview.lphp...
[2020-09-09T14:22:01]<LPHPSuccess> Compiled successfully!
[2020-09-09T14:22:11]<LPHPMessage> Change detected in F:\Desktop\EndevTemp\PHP-Final\EndevWebsite\projectOverview.lphp...
[2020-09-09T14:22:11]<LPHPSuccess> Compiled successfully!
[2020-09-09T14:22:48]<LPHPMessage> Change detected in F:\Desktop\EndevTemp\PHP-Final\EndevWebsite\projectOverview.lphp...
[2020-09-09T14:22:48]<LPHPSuccess> Compiled successfully!
[2020-09-09T14:23:02]<LPHPMessage> Change detected in F:\Desktop\EndevTemp\PHP-Final\EndevWebsite\projectOverview.lphp...
[2020-09-09T14:23:02]<LPHPSuccess> Compiled successfully!
[2020-09-09T14:23:06]<LPHPMessage> Change detected in F:\Desktop\EndevTemp\PHP-Final\EndevWebsite\projectOverview.lphp...
[2020-09-09T14:23:06]<LPHPSuccess> Compiled successfully!
[2020-09-09T14:23:26]<LPHPMessage> Change detected in F:\Desktop\EndevTemp\PHP-Final\EndevWebsite\projectOverview.lphp...
[2020-09-09T14:23:26]<LPHPSuccess> Compiled successfully!
[2020-09-09T14:23:31]<LPHPMessage> Change detected in F:\Desktop\EndevTemp\PHP-Final\EndevWebsite\projectOverview.lphp...
[2020-09-09T14:23:31]<LPHPSuccess> Compiled successfully!
[2020-09-09T14:23:40]<LPHPMessage> Change detected in F:\Desktop\EndevTemp\PHP-Final\EndevWebsite\projectOverview.lphp...
[2020-09-09T14:23:40]<LPHPSuccess> Compiled successfully!
[2020-09-09T14:23:46]<LPHPMessage> Change detected in F:\Desktop\EndevTemp\PHP-Final\EndevWebsite\projectOverview.lphp...
[2020-09-09T14:23:46]<LPHPSuccess> Compiled successfully!
[2020-09-09T14:24:14]<LPHPMessage> Change detected in F:\Desktop\EndevTemp\PHP-Final\EndevWebsite\projectOverview.lphp...
[2020-09-09T14:24:14]<LPHPSuccess> Compiled successfully!
[2020-09-09T14:24:47]<LPHPMessage> Change detected in F:\Desktop\EndevTemp\PHP-Final\EndevWebsite\projectOverview.lphp...
[2020-09-09T14:24:47]<LPHPSuccess> Compiled successfully!
[2020-09-09T14:24:59]<LPHPMessage> Change detected in F:\Desktop\EndevTemp\PHP-Final\EndevWebsite\projectReadme.lphp...
[2020-09-09T14:24:59]<LPHPSuccess> Compiled successfully!
[2020-09-09T14:25:32]<LPHPMessage> Change detected in F:\Desktop\EndevTemp\PHP-Final\EndevWebsite\project.lphp...
[2020-09-09T14:25:32]<LPHPSuccess> Compiled successfully!
[2020-09-09T14:26:09]<LPHPMessage> Change detected in F:\Desktop\EndevTemp\PHP-Final\EndevWebsite\projectOverview.lphp...
[2020-09-09T14:26:09]<LPHPSuccess> Compiled successfully!
[2020-09-09T14:26:18]<LPHPMessage> Change detected in F:\Desktop\EndevTemp\PHP-Final\EndevWebsite\projectReadme.lphp...
[2020-09-09T14:26:18]<LPHPSuccess> Compiled successfully!
[2020-09-09T14:33:13]<LPHPMessage> Change detected in F:\Desktop\EndevTemp\PHP-Final\EndevWebsite\projectOverview.lphp...
[2020-09-09T14:33:13]<LPHPSuccess> Compiled successfully!
[2020-09-09T14:33:17]<LPHPMessage> Change detected in F:\Desktop\EndevTemp\PHP-Final\EndevWebsite\projectOverview.lphp...
[2020-09-09T14:33:17]<LPHPSuccess> Compiled successfully!
[2020-09-09T14:33:37]<LPHPMessage> Change detected in F:\Desktop\EndevTemp\PHP-Final\EndevWebsite\projectOverview.lphp...
[2020-09-09T14:33:37]<LPHPSuccess> Compiled successfully!
[2020-09-09T14:33:43]<LPHPMessage> Change detected in F:\Desktop\EndevTemp\PHP-Final\EndevWebsite\projectOverview.lphp...
[2020-09-09T14:33:43]<LPHPSuccess> Compiled successfully!
[2020-09-09T14:33:47]<LPHPMessage> Change detected in F:\Desktop\EndevTemp\PHP-Final\EndevWebsite\projectOverview.lphp...
[2020-09-09T14:33:47]<LPHPSuccess> Compiled successfully!
[2020-09-09T14:33:52]<LPHPMessage> Change detected in F:\Desktop\EndevTemp\PHP-Final\EndevWebsite\projectOverview.lphp...
[2020-09-09T14:33:52]<LPHPSuccess> Compiled successfully!
[2020-09-09T14:34:13]<LPHPMessage> Change detected in F:\Desktop\EndevTemp\PHP-Final\EndevWebsite\projectOverview.lphp...
[2020-09-09T14:34:13]<LPHPSuccess> Compiled successfully!
[2020-09-09T14:34:38]<LPHPMessage> Change detected in F:\Desktop\EndevTemp\PHP-Final\EndevWebsite\projectOverview.lphp...
[2020-09-09T14:34:38]<LPHPSuccess> Compiled successfully!
[2020-09-09T14:34:51]<LPHPMessage> Change detected in F:\Desktop\EndevTemp\PHP-Final\EndevWebsite\projectOverview.lphp...
[2020-09-09T14:34:51]<LPHPSuccess> Compiled successfully!
[2020-09-09T14:35:01]<LPHPMessage> Change detected in F:\Desktop\EndevTemp\PHP-Final\EndevWebsite\projectOverview.lphp...
[2020-09-09T14:35:01]<LPHPSuccess> Compiled successfully!
[2020-09-09T14:51:16]<LPHPMessage> Change detected in F:\Desktop\EndevTemp\PHP-Final\EndevWebsite\projectOverview.lphp...
[2020-09-09T14:51:16]<LPHPSuccess> Compiled successfully!
[2020-09-09T14:51:30]<LPHPMessage> Change detected in F:\Desktop\EndevTemp\PHP-Final\EndevWebsite\projectOverview.lphp...
[2020-09-09T14:51:30]<LPHPSuccess> Compiled successfully!
[2020-09-09T14:52:40]<LPHPMessage> Change detected in F:\Desktop\EndevTemp\PHP-Final\EndevWebsite\projectOverview.lphp...
[2020-09-09T14:52:40]<LPHPSuccess> Compiled successfully!
